Unity Editor version:    2021.3.9f1 (ad3870b89536)
Branch:                  2021.3/staging
Build type:              Release
Batch mode:              YES
macOS version:           Version 11.6.5 (Build 20G527)
Darwin version:          20.6.0
Architecture:            x86_64
Running under Rosetta:   NO
Available memory:        16384 MB
Using pre-set license
Pro License: YES

COMMAND LINE ARGUMENTS:
/Applications/Unity/Hub/Editor/2021.3.9f1/Unity.app/Contents/MacOS/Unity
-adb2
-batchMode
-noUpm
-name
AssetImportWorker0
-projectPath
/Users/lilia/Downloads/MTEC-2120-KvantSavant-main 3
-logFile
Logs/AssetImportWorker0.log
-srvPort
55898
Successfully changed project path to: /Users/lilia/Downloads/MTEC-2120-KvantSavant-main 3
/Users/lilia/Downloads/MTEC-2120-KvantSavant-main 3
[UnityMemory] Configuration Parameters - Can be set up in boot.config
    "memorysetup-bucket-allocator-granularity=16"
    "memorysetup-bucket-allocator-bucket-count=8"
    "memorysetup-bucket-allocator-block-size=33554432"
    "memorysetup-bucket-allocator-block-count=8"
    "memorysetup-main-allocator-block-size=16777216"
    "memorysetup-thread-allocator-block-size=16777216"
    "memorysetup-gfx-main-allocator-block-size=16777216"
    "memorysetup-gfx-thread-allocator-block-size=16777216"
    "memorysetup-cache-allocator-block-size=4194304"
    "memorysetup-typetree-allocator-block-size=2097152"
    "memorysetup-profiler-bucket-allocator-granularity=16"
    "memorysetup-profiler-bucket-allocator-bucket-count=8"
    "memorysetup-profiler-bucket-allocator-block-size=33554432"
    "memorysetup-profiler-bucket-allocator-block-count=8"
    "memorysetup-profiler-allocator-block-size=16777216"
    "memorysetup-profiler-editor-allocator-block-size=1048576"
    "memorysetup-temp-allocator-size-main=16777216"
    "memorysetup-job-temp-allocator-block-size=2097152"
    "memorysetup-job-temp-allocator-block-size-background=1048576"
    "memorysetup-job-temp-allocator-reduction-small-platforms=262144"
    "memorysetup-temp-allocator-size-background-worker=32768"
    "memorysetup-temp-allocator-size-job-worker=262144"
    "memorysetup-temp-allocator-size-preload-manager=33554432"
    "memorysetup-temp-allocator-size-nav-mesh-worker=65536"
    "memorysetup-temp-allocator-size-audio-worker=65536"
    "memorysetup-temp-allocator-size-cloud-worker=32768"
    "memorysetup-temp-allocator-size-gi-baking-worker=262144"
    "memorysetup-temp-allocator-size-gfx=262144"
Refreshing native plugins compatible for Editor in 115.37 ms, found 3 plugins.
Preloading 0 native plugins for Editor in 0.00 ms.
Initialize engine version: 2021.3.9f1 (ad3870b89536)
[Subsystems] Discovering subsystems at path /Applications/Unity/Hub/Editor/2021.3.9f1/Unity.app/Contents/Resources/UnitySubsystems
[Subsystems] Discovering subsystems at path /Users/lilia/Downloads/MTEC-2120-KvantSavant-main 3/Assets
GfxDevice: creating device client; threaded=0; jobified=0
Color LCD preferred device: Intel(R) Iris(TM) Plus Graphics (low power)
Metal devices available: 1
0: Intel(R) Iris(TM) Plus Graphics (low power)
Using device Intel(R) Iris(TM) Plus Graphics (low power)
Initializing Metal device caps: Intel(R) Iris(TM) Plus Graphics
Initialize mono
Mono path[0] = '/Applications/Unity/Hub/Editor/2021.3.9f1/Unity.app/Contents/Managed'
Mono path[1] = '/Applications/Unity/Hub/Editor/2021.3.9f1/Unity.app/Contents/MonoBleedingEdge/lib/mono/unityjit-macos'
Mono config path = '/Applications/Unity/Hub/Editor/2021.3.9f1/Unity.app/Contents/MonoBleedingEdge/etc'
Using monoOptions --debugger-agent=transport=dt_socket,embedding=1,server=y,suspend=n,address=127.0.0.1:56488
Begin MonoManager ReloadAssembly
Registering precompiled unity dll's ...
Register platform support module: /Applications/Unity/Hub/Editor/2021.3.9f1/Unity.app/Contents/PlaybackEngines/MacStandaloneSupport/UnityEditor.OSXStandalone.Extensions.dll
Registered in 0.004390 seconds.
Native extension for OSXStandalone target not found
Refreshing native plugins compatible for Editor in 81.19 ms, found 3 plugins.
Preloading 0 native plugins for Editor in 0.00 ms.
Mono: successfully reloaded assembly
- Completed reload, in  0.993 seconds
Domain Reload Profiling:
	ReloadAssembly (993ms)
		BeginReloadAssembly (250ms)
			ExecutionOrderSort (0ms)
			DisableScriptedObjects (0ms)
			BackupInstance (0ms)
			ReleaseScriptingObjects (0ms)
			CreateAndSetChildDomain (1ms)
		EndReloadAssembly (598ms)
			LoadAssemblies (253ms)
			RebuildTransferFunctionScriptingTraits (0ms)
			SetupTypeCache (156ms)
			ReleaseScriptCaches (0ms)
			RebuildScriptCaches (37ms)
			SetupLoadedEditorAssemblies (344ms)
				LogAssemblyErrors (0ms)
				InitializePlatformSupportModulesInManaged (7ms)
				SetLoadedEditorAssemblies (1ms)
				RefreshPlugins (81ms)
				BeforeProcessingInitializeOnLoad (1ms)
				ProcessInitializeOnLoadAttributes (196ms)
				ProcessInitializeOnLoadMethodAttributes (57ms)
				AfterProcessingInitializeOnLoad (0ms)
				EditorAssembliesLoaded (0ms)
			ExecutionOrderSort2 (0ms)
			AwakeInstancesAfterBackupRestoration (0ms)
Platform modules already initialized, skipping
Registering precompiled user dll's ...
Registered in 0.008967 seconds.
Begin MonoManager ReloadAssembly
Symbol file LoadedFromMemory doesn't match image /Users/lilia/Downloads/MTEC-2120-KvantSavant-main 3/Library/PackageCache/com.unity.visualscripting@1.7.8/Editor/VisualScripting.Core/Dependencies/YamlDotNet/Unity.VisualScripting.YamlDotNet.dll
Symbol file LoadedFromMemory doesn't match image /Users/lilia/Downloads/MTEC-2120-KvantSavant-main 3/Library/PackageCache/com.unity.visualscripting@1.7.8/Editor/VisualScripting.Core/Dependencies/DotNetZip/Unity.VisualScripting.IonicZip.dll
Native extension for OSXStandalone target not found
Refreshing native plugins compatible for Editor in 0.73 ms, found 3 plugins.
Preloading 0 native plugins for Editor in 0.00 ms.
Mono: successfully reloaded assembly
- Completed reload, in  1.562 seconds
Domain Reload Profiling:
	ReloadAssembly (1563ms)
		BeginReloadAssembly (178ms)
			ExecutionOrderSort (0ms)
			DisableScriptedObjects (10ms)
			BackupInstance (0ms)
			ReleaseScriptingObjects (0ms)
			CreateAndSetChildDomain (46ms)
		EndReloadAssembly (1200ms)
			LoadAssemblies (191ms)
			RebuildTransferFunctionScriptingTraits (0ms)
			SetupTypeCache (423ms)
			ReleaseScriptCaches (1ms)
			RebuildScriptCaches (78ms)
			SetupLoadedEditorAssemblies (479ms)
				LogAssemblyErrors (0ms)
				InitializePlatformSupportModulesInManaged (6ms)
				SetLoadedEditorAssemblies (1ms)
				RefreshPlugins (1ms)
				BeforeProcessingInitializeOnLoad (87ms)
				ProcessInitializeOnLoadAttributes (343ms)
				ProcessInitializeOnLoadMethodAttributes (39ms)
				AfterProcessingInitializeOnLoad (2ms)
				EditorAssembliesLoaded (0ms)
			ExecutionOrderSort2 (0ms)
			AwakeInstancesAfterBackupRestoration (6ms)
Platform modules already initialized, skipping
========================================================================
Worker process is ready to serve import requests
Launching external process: /Applications/Unity/Hub/Editor/2021.3.9f1/Unity.app/Contents/Tools/UnityShaderCompiler
Launched and connected shader compiler UnityShaderCompiler after 0.02 seconds
Refreshing native plugins compatible for Editor in 0.70 ms, found 3 plugins.
Preloading 0 native plugins for Editor in 0.00 ms.
Unloading 3665 Unused Serialized files (Serialized files now loaded: 0)
Unloading 28 unused Assets / (43.6 KB). Loaded Objects now: 4121.
Memory consumption went from 260.0 MB to 260.0 MB.
Total: 3.153154 ms (FindLiveObjects: 0.271020 ms CreateObjectMapping: 0.139756 ms MarkObjects: 2.646607 ms  DeleteObjects: 0.094606 ms)

AssetImportParameters requested are different than current active one (requested -> active):
  custom:video-decoder-ogg-theora: a1e56fd34408186e4bbccfd4996cb3dc -> 
  custom:container-muxer-webm: aa71ff27fc2769a1b78a27578f13a17b -> 
  custom:container-demuxer-webm: 4f35f7cbe854078d1ac9338744f61a02 -> 
  custom:video-encoder-webm-vp8: eb34c28f22e8b96e1ab97ce403110664 -> 
  custom:framework-osx-AVFoundation: e770b220cccbd017edd2c1fefb359320 -> 
  custom:audio-encoder-webm-vorbis: bf7c407c2cedff20999df2af8eb42d56 -> 
  custom:container-demuxer-ogg: 62fdf1f143b41e24485cea50d1cbac27 -> 
  custom:video-decoder-webm-vp8: 9c59270c3fd7afecdb556c50c9e8de78 -> 
  custom:audio-decoder-ogg-vorbis: bf7c407c2cedff20999df2af8eb42d56 -> 
========================================================================
Received Import Request.
  Time since last request: 12003.112586 seconds.
  path: Assets/Kvant/Lattice
  artifactKey: Guid(f6b5fc147ba4e4b38bc77d9a0183ebad) Importer(815301076,1909f56bfc062723c751e8b465ee728b)
Start importing Assets/Kvant/Lattice using Guid(f6b5fc147ba4e4b38bc77d9a0183ebad) Importer(815301076,1909f56bfc062723c751e8b465ee728b)  -> (artifact id: '5dbfb19e24b615bc1c094f55fbd36a7b') in 0.009705 seconds 
========================================================================
Received Import Request.
  Time since last request: 6.853248 seconds.
  path: Assets/Reaktion
  artifactKey: Guid(695649826b4eacc4d89c2eea5bd25d79) Importer(815301076,1909f56bfc062723c751e8b465ee728b)
Start importing Assets/Reaktion using Guid(695649826b4eacc4d89c2eea5bd25d79) Importer(815301076,1909f56bfc062723c751e8b465ee728b)  -> (artifact id: 'cca19018a38a435dffce65f0f5ff761a') in 0.002474 seconds 
========================================================================
Received Import Request.
  Time since last request: 2.035460 seconds.
  path: Assets/Reaktion/Reaktor
  artifactKey: Guid(a407919b54b20de47a4e8a1fe7311a82) Importer(815301076,1909f56bfc062723c751e8b465ee728b)
Start importing Assets/Reaktion/Reaktor using Guid(a407919b54b20de47a4e8a1fe7311a82) Importer(815301076,1909f56bfc062723c751e8b465ee728b)  -> (artifact id: 'bfbfa0ece09a639c37174dbb90bba269') in 0.002239 seconds 
========================================================================
Received Import Request.
  Time since last request: 5.511906 seconds.
  path: Assets/Scenes
  artifactKey: Guid(daee7679bdbb34e4a920272cb4b7b10b) Importer(815301076,1909f56bfc062723c751e8b465ee728b)
Start importing Assets/Scenes using Guid(daee7679bdbb34e4a920272cb4b7b10b) Importer(815301076,1909f56bfc062723c751e8b465ee728b)  -> (artifact id: 'aea33f9e923a31a553f2d3111a920972') in 0.002269 seconds 
========================================================================
Received Import Request.
  Time since last request: 0.868940 seconds.
  path: Assets/Scenes/Test
  artifactKey: Guid(e347cf689762a804e9adbe919c5876fe) Importer(815301076,1909f56bfc062723c751e8b465ee728b)
Start importing Assets/Scenes/Test using Guid(e347cf689762a804e9adbe919c5876fe) Importer(815301076,1909f56bfc062723c751e8b465ee728b)  -> (artifact id: '37113e33889b0c937939035a70e6b0df') in 0.002110 seconds 
========================================================================
Received Import Request.
  Time since last request: 5.675313 seconds.
  path: Assets/Scripts
  artifactKey: Guid(9b18b366fcce4234fa61ae315f4db91d) Importer(815301076,1909f56bfc062723c751e8b465ee728b)
Start importing Assets/Scripts using Guid(9b18b366fcce4234fa61ae315f4db91d) Importer(815301076,1909f56bfc062723c751e8b465ee728b)  -> (artifact id: '18c8517505443eca1f2073a3d142227c') in 0.002679 seconds 
========================================================================
Received Import Request.
  Time since last request: 638.688399 seconds.
  path: Assets/KvantScenes
  artifactKey: Guid(daee7679bdbb34e4a920272cb4b7b10b) Importer(815301076,1909f56bfc062723c751e8b465ee728b)
Start importing Assets/KvantScenes using Guid(daee7679bdbb34e4a920272cb4b7b10b) Importer(815301076,1909f56bfc062723c751e8b465ee728b)  -> (artifact id: '59c9ca1da06ab8dacfdd1dcbb9d3f46b') in 0.002661 seconds 
========================================================================
Received Import Request.
  Time since last request: 4.420080 seconds.
  path: Assets/KvantScenes/Test/Spray
  artifactKey: Guid(0b912bd4f7806a141b8448e27a334531) Importer(815301076,1909f56bfc062723c751e8b465ee728b)
Start importing Assets/KvantScenes/Test/Spray using Guid(0b912bd4f7806a141b8448e27a334531) Importer(815301076,1909f56bfc062723c751e8b465ee728b)  -> (artifact id: 'c67091ecea4cc064c997a82c00b15b1e') in 0.003154 seconds 
========================================================================
Received Import Request.
  Time since last request: 0.044764 seconds.
  path: Assets/KvantScenes/Test/Spray/Bubble.mat
  artifactKey: Guid(88399e4a68057a243b47f5b8ffbbdd78) Importer(815301076,1909f56bfc062723c751e8b465ee728b)
Start importing Assets/KvantScenes/Test/Spray/Bubble.mat using Guid(88399e4a68057a243b47f5b8ffbbdd78) Importer(815301076,1909f56bfc062723c751e8b465ee728b)  -> (artifact id: '8714ddd838bec6aed4e887d6f40745f5') in 4.587182 seconds 
========================================================================
Received Import Request.
  Time since last request: 0.006323 seconds.
  path: Assets/KvantScenes/Test/Spray/Flame 2.mat
  artifactKey: Guid(4e7e239ddb586764ea254b37687454d4) Importer(815301076,1909f56bfc062723c751e8b465ee728b)
Start importing Assets/KvantScenes/Test/Spray/Flame 2.mat using Guid(4e7e239ddb586764ea254b37687454d4) Importer(815301076,1909f56bfc062723c751e8b465ee728b)  -> (artifact id: 'c08c11d168da4fc5572382e7d39bedfd') in 0.037365 seconds 
========================================================================
Received Import Request.
  Time since last request: 0.000463 seconds.
  path: Assets/KvantScenes/Test/Line/Toruses.asset
  artifactKey: Guid(eee35bfa0398cdd428f8379098f586b0) Importer(815301076,1909f56bfc062723c751e8b465ee728b)
Start importing Assets/KvantScenes/Test/Line/Toruses.asset using Guid(eee35bfa0398cdd428f8379098f586b0) Importer(815301076,1909f56bfc062723c751e8b465ee728b)  -> (artifact id: '3623a4f2497ba862cff4bb84778f1f87') in 0.848134 seconds 
========================================================================
Received Import Request.
  Time since last request: 0.000174 seconds.
  path: Assets/KvantScenes/Test/Line/Torus3.obj
  artifactKey: Guid(afffe5d6ef6c98040a78e7643d2e1d25) Importer(815301076,1909f56bfc062723c751e8b465ee728b)
Start importing Assets/KvantScenes/Test/Line/Torus3.obj using Guid(afffe5d6ef6c98040a78e7643d2e1d25) Importer(815301076,1909f56bfc062723c751e8b465ee728b)  -> (artifact id: '76fe7ccab393274982a9fdf9da2b6736') in 3.730152 seconds 
========================================================================
Received Import Request.
  Time since last request: 0.000213 seconds.
  path: Assets/KvantScenes/Test/Line/Skybox Torus.mat
  artifactKey: Guid(8c329abadc5566248bb81e892344d1a9) Importer(815301076,1909f56bfc062723c751e8b465ee728b)
Start importing Assets/KvantScenes/Test/Line/Skybox Torus.mat using Guid(8c329abadc5566248bb81e892344d1a9) Importer(815301076,1909f56bfc062723c751e8b465ee728b)  -> (artifact id: 'f419e18b5f7a6cd3bf505e12b12fc21c') in 0.055548 seconds 
========================================================================
Received Import Request.
  Time since last request: 0.000075 seconds.
  path: Assets/KvantScenes/Test/Line/Boxes.asset
  artifactKey: Guid(1e9a8ec86684f8e44aee290fe0b43bd7) Importer(815301076,1909f56bfc062723c751e8b465ee728b)
Start importing Assets/KvantScenes/Test/Line/Boxes.asset using Guid(1e9a8ec86684f8e44aee290fe0b43bd7) Importer(815301076,1909f56bfc062723c751e8b465ee728b)  -> (artifact id: 'a9bdd1d41060ff6d0fbc08c5f39b23da') in 0.062123 seconds 
========================================================================
Received Import Request.
  Time since last request: 0.000089 seconds.
  path: Assets/KvantScenes/Test/Line/Torus1.obj
  artifactKey: Guid(6e8a9ac7487d9e54d8da15f1bcb1b4ee) Importer(815301076,1909f56bfc062723c751e8b465ee728b)
Start importing Assets/KvantScenes/Test/Line/Torus1.obj using Guid(6e8a9ac7487d9e54d8da15f1bcb1b4ee) Importer(815301076,1909f56bfc062723c751e8b465ee728b)  -> (artifact id: 'fbebea08e521d0ef8d93314f1c44e32c') in 0.022498 seconds 
========================================================================
Received Import Request.
  Time since last request: 0.000091 seconds.
  path: Assets/KvantScenes/Test/Line/Torus2.obj
  artifactKey: Guid(f4b5f291d2078d344b6de3acfa7a98e2) Importer(815301076,1909f56bfc062723c751e8b465ee728b)
Start importing Assets/KvantScenes/Test/Line/Torus2.obj using Guid(f4b5f291d2078d344b6de3acfa7a98e2) Importer(815301076,1909f56bfc062723c751e8b465ee728b)  -> (artifact id: 'a45b7a6f089a0a8de15da69dcfa86e1c') in 0.024031 seconds 
========================================================================
Received Import Request.
  Time since last request: 0.000093 seconds.
  path: Assets/KvantScenes/Test/Line
  artifactKey: Guid(de5a936a5ac2aee4387e603b834f4c17) Importer(815301076,1909f56bfc062723c751e8b465ee728b)
Start importing Assets/KvantScenes/Test/Line using Guid(de5a936a5ac2aee4387e603b834f4c17) Importer(815301076,1909f56bfc062723c751e8b465ee728b)  -> (artifact id: '7996179ff03aeb7899d3205933ce140a') in 0.001186 seconds 
========================================================================
Received Import Request.
  Time since last request: 0.000125 seconds.
  path: Assets/KvantScenes/Test/Line/RoundedBox.obj
  artifactKey: Guid(e453a9f170022584d9ab10420daa2198) Importer(815301076,1909f56bfc062723c751e8b465ee728b)
Start importing Assets/KvantScenes/Test/Line/RoundedBox.obj using Guid(e453a9f170022584d9ab10420daa2198) Importer(815301076,1909f56bfc062723c751e8b465ee728b)  -> (artifact id: 'a3bfd7470cc6b478c8482a82d8659dea') in 0.020596 seconds 
========================================================================
Received Import Request.
  Time since last request: 0.000117 seconds.
  path: Assets/KvantScenes/Test/Spray/Skybox.mat
  artifactKey: Guid(891c91756d6cc89459322296659bef10) Importer(815301076,1909f56bfc062723c751e8b465ee728b)
Start importing Assets/KvantScenes/Test/Spray/Skybox.mat using Guid(891c91756d6cc89459322296659bef10) Importer(815301076,1909f56bfc062723c751e8b465ee728b)  -> (artifact id: 'f4c78363d84b0da092f8194bca62f137') in 0.014662 seconds 
========================================================================
Received Import Request.
  Time since last request: 0.000160 seconds.
  path: Assets/KvantScenes/Test/Line/Toruses.mat
  artifactKey: Guid(994f720da0e30c54186f6594dd68b4a2) Importer(815301076,1909f56bfc062723c751e8b465ee728b)
Start importing Assets/KvantScenes/Test/Line/Toruses.mat using Guid(994f720da0e30c54186f6594dd68b4a2) Importer(815301076,1909f56bfc062723c751e8b465ee728b)  -> (artifact id: 'de918f3b7a19dd67473742172cd25e9c') in 0.558403 seconds 
========================================================================
Received Import Request.
  Time since last request: 0.000104 seconds.
  path: Assets/KvantScenes/Test/Spray/Rock.mat
  artifactKey: Guid(6c4722bd9c0804f26a5414bb094d530f) Importer(815301076,1909f56bfc062723c751e8b465ee728b)
Start importing Assets/KvantScenes/Test/Spray/Rock.mat using Guid(6c4722bd9c0804f26a5414bb094d530f) Importer(815301076,1909f56bfc062723c751e8b465ee728b)  -> (artifact id: '36d0efa24d66f20bbde7165aab52758a') in 0.622588 seconds 
Editor requested this worker to shutdown with reason: Scaling down because of idle timeout
AssetImportWorker is now disconnected from the server
Process exiting
