Unity Editor version:    2021.3.9f1 (ad3870b89536)
Branch:                  2021.3/staging
Build type:              Release
Batch mode:              YES
macOS version:           Version 11.6.5 (Build 20G527)
Darwin version:          20.6.0
Architecture:            x86_64
Running under Rosetta:   NO
Available memory:        16384 MB
Using pre-set license
Pro License: YES

COMMAND LINE ARGUMENTS:
/Applications/Unity/Hub/Editor/2021.3.9f1/Unity.app/Contents/MacOS/Unity
-adb2
-batchMode
-noUpm
-name
AssetImportWorker4
-projectPath
/Users/lilia/Downloads/MTEC-2120-KvantSavant-main 3
-logFile
Logs/AssetImportWorker4.log
-srvPort
55898
Successfully changed project path to: /Users/lilia/Downloads/MTEC-2120-KvantSavant-main 3
/Users/lilia/Downloads/MTEC-2120-KvantSavant-main 3
[UnityMemory] Configuration Parameters - Can be set up in boot.config
    "memorysetup-bucket-allocator-granularity=16"
    "memorysetup-bucket-allocator-bucket-count=8"
    "memorysetup-bucket-allocator-block-size=33554432"
    "memorysetup-bucket-allocator-block-count=8"
    "memorysetup-main-allocator-block-size=16777216"
    "memorysetup-thread-allocator-block-size=16777216"
    "memorysetup-gfx-main-allocator-block-size=16777216"
    "memorysetup-gfx-thread-allocator-block-size=16777216"
    "memorysetup-cache-allocator-block-size=4194304"
    "memorysetup-typetree-allocator-block-size=2097152"
    "memorysetup-profiler-bucket-allocator-granularity=16"
    "memorysetup-profiler-bucket-allocator-bucket-count=8"
    "memorysetup-profiler-bucket-allocator-block-size=33554432"
    "memorysetup-profiler-bucket-allocator-block-count=8"
    "memorysetup-profiler-allocator-block-size=16777216"
    "memorysetup-profiler-editor-allocator-block-size=1048576"
    "memorysetup-temp-allocator-size-main=16777216"
    "memorysetup-job-temp-allocator-block-size=2097152"
    "memorysetup-job-temp-allocator-block-size-background=1048576"
    "memorysetup-job-temp-allocator-reduction-small-platforms=262144"
    "memorysetup-temp-allocator-size-background-worker=32768"
    "memorysetup-temp-allocator-size-job-worker=262144"
    "memorysetup-temp-allocator-size-preload-manager=33554432"
    "memorysetup-temp-allocator-size-nav-mesh-worker=65536"
    "memorysetup-temp-allocator-size-audio-worker=65536"
    "memorysetup-temp-allocator-size-cloud-worker=32768"
    "memorysetup-temp-allocator-size-gi-baking-worker=262144"
    "memorysetup-temp-allocator-size-gfx=262144"
Refreshing native plugins compatible for Editor in 182.21 ms, found 3 plugins.
Preloading 0 native plugins for Editor in 0.00 ms.
Initialize engine version: 2021.3.9f1 (ad3870b89536)
[Subsystems] Discovering subsystems at path /Applications/Unity/Hub/Editor/2021.3.9f1/Unity.app/Contents/Resources/UnitySubsystems
[Subsystems] Discovering subsystems at path /Users/lilia/Downloads/MTEC-2120-KvantSavant-main 3/Assets
GfxDevice: creating device client; threaded=0; jobified=0
Color LCD preferred device: Intel(R) Iris(TM) Plus Graphics (low power)
Metal devices available: 1
0: Intel(R) Iris(TM) Plus Graphics (low power)
Using device Intel(R) Iris(TM) Plus Graphics (low power)
Initializing Metal device caps: Intel(R) Iris(TM) Plus Graphics
Initialize mono
Mono path[0] = '/Applications/Unity/Hub/Editor/2021.3.9f1/Unity.app/Contents/Managed'
Mono path[1] = '/Applications/Unity/Hub/Editor/2021.3.9f1/Unity.app/Contents/MonoBleedingEdge/lib/mono/unityjit-macos'
Mono config path = '/Applications/Unity/Hub/Editor/2021.3.9f1/Unity.app/Contents/MonoBleedingEdge/etc'
Using monoOptions --debugger-agent=transport=dt_socket,embedding=1,server=y,suspend=n,address=127.0.0.1:56447
Begin MonoManager ReloadAssembly
Registering precompiled unity dll's ...
Register platform support module: /Applications/Unity/Hub/Editor/2021.3.9f1/Unity.app/Contents/PlaybackEngines/MacStandaloneSupport/UnityEditor.OSXStandalone.Extensions.dll
Registered in 0.005786 seconds.
Native extension for OSXStandalone target not found
Refreshing native plugins compatible for Editor in 164.78 ms, found 3 plugins.
Preloading 0 native plugins for Editor in 0.00 ms.
Mono: successfully reloaded assembly
- Completed reload, in  1.885 seconds
Domain Reload Profiling:
	ReloadAssembly (1887ms)
		BeginReloadAssembly (262ms)
			ExecutionOrderSort (0ms)
			DisableScriptedObjects (0ms)
			BackupInstance (0ms)
			ReleaseScriptingObjects (0ms)
			CreateAndSetChildDomain (3ms)
		EndReloadAssembly (1357ms)
			LoadAssemblies (262ms)
			RebuildTransferFunctionScriptingTraits (0ms)
			SetupTypeCache (291ms)
			ReleaseScriptCaches (0ms)
			RebuildScriptCaches (103ms)
			SetupLoadedEditorAssemblies (809ms)
				LogAssemblyErrors (0ms)
				InitializePlatformSupportModulesInManaged (18ms)
				SetLoadedEditorAssemblies (1ms)
				RefreshPlugins (165ms)
				BeforeProcessingInitializeOnLoad (6ms)
				ProcessInitializeOnLoadAttributes (496ms)
				ProcessInitializeOnLoadMethodAttributes (121ms)
				AfterProcessingInitializeOnLoad (0ms)
				EditorAssembliesLoaded (1ms)
			ExecutionOrderSort2 (0ms)
			AwakeInstancesAfterBackupRestoration (0ms)
Platform modules already initialized, skipping
Registering precompiled user dll's ...
Registered in 0.016840 seconds.
Begin MonoManager ReloadAssembly
Symbol file LoadedFromMemory doesn't match image /Users/lilia/Downloads/MTEC-2120-KvantSavant-main 3/Library/PackageCache/com.unity.visualscripting@1.7.8/Editor/VisualScripting.Core/Dependencies/YamlDotNet/Unity.VisualScripting.YamlDotNet.dll
Symbol file LoadedFromMemory doesn't match image /Users/lilia/Downloads/MTEC-2120-KvantSavant-main 3/Library/PackageCache/com.unity.visualscripting@1.7.8/Editor/VisualScripting.Core/Dependencies/DotNetZip/Unity.VisualScripting.IonicZip.dll
Native extension for OSXStandalone target not found
Refreshing native plugins compatible for Editor in 0.80 ms, found 3 plugins.
Preloading 0 native plugins for Editor in 0.00 ms.
Mono: successfully reloaded assembly
- Completed reload, in  2.119 seconds
Domain Reload Profiling:
	ReloadAssembly (2120ms)
		BeginReloadAssembly (233ms)
			ExecutionOrderSort (0ms)
			DisableScriptedObjects (12ms)
			BackupInstance (0ms)
			ReleaseScriptingObjects (0ms)
			CreateAndSetChildDomain (50ms)
		EndReloadAssembly (1644ms)
			LoadAssemblies (231ms)
			RebuildTransferFunctionScriptingTraits (0ms)
			SetupTypeCache (578ms)
			ReleaseScriptCaches (1ms)
			RebuildScriptCaches (124ms)
			SetupLoadedEditorAssemblies (665ms)
				LogAssemblyErrors (0ms)
				InitializePlatformSupportModulesInManaged (8ms)
				SetLoadedEditorAssemblies (1ms)
				RefreshPlugins (1ms)
				BeforeProcessingInitializeOnLoad (110ms)
				ProcessInitializeOnLoadAttributes (488ms)
				ProcessInitializeOnLoadMethodAttributes (54ms)
				AfterProcessingInitializeOnLoad (3ms)
				EditorAssembliesLoaded (0ms)
			ExecutionOrderSort2 (0ms)
			AwakeInstancesAfterBackupRestoration (10ms)
Platform modules already initialized, skipping
========================================================================
Worker process is ready to serve import requests
Launching external process: /Applications/Unity/Hub/Editor/2021.3.9f1/Unity.app/Contents/Tools/UnityShaderCompiler
Launched and connected shader compiler UnityShaderCompiler after 0.03 seconds
Refreshing native plugins compatible for Editor in 0.57 ms, found 3 plugins.
Preloading 0 native plugins for Editor in 0.00 ms.
Unloading 3665 Unused Serialized files (Serialized files now loaded: 0)
Unloading 28 unused Assets / (43.4 KB). Loaded Objects now: 4121.
Memory consumption went from 259.8 MB to 259.8 MB.
Total: 5.422667 ms (FindLiveObjects: 0.267342 ms CreateObjectMapping: 0.302740 ms MarkObjects: 4.749094 ms  DeleteObjects: 0.102231 ms)

AssetImportParameters requested are different than current active one (requested -> active):
  custom:video-decoder-ogg-theora: a1e56fd34408186e4bbccfd4996cb3dc -> 
  custom:container-muxer-webm: aa71ff27fc2769a1b78a27578f13a17b -> 
  custom:container-demuxer-webm: 4f35f7cbe854078d1ac9338744f61a02 -> 
  custom:video-encoder-webm-vp8: eb34c28f22e8b96e1ab97ce403110664 -> 
  custom:framework-osx-AVFoundation: e770b220cccbd017edd2c1fefb359320 -> 
  custom:audio-encoder-webm-vorbis: bf7c407c2cedff20999df2af8eb42d56 -> 
  custom:container-demuxer-ogg: 62fdf1f143b41e24485cea50d1cbac27 -> 
  custom:video-decoder-webm-vp8: 9c59270c3fd7afecdb556c50c9e8de78 -> 
  custom:audio-decoder-ogg-vorbis: bf7c407c2cedff20999df2af8eb42d56 -> 
========================================================================
Received Import Request.
  Time since last request: 12775.907496 seconds.
  path: Assets/KvantScenes/Test/Ribbon
  artifactKey: Guid(e37452cea0f00fc478aa8d78e03696fc) Importer(815301076,1909f56bfc062723c751e8b465ee728b)
Start importing Assets/KvantScenes/Test/Ribbon using Guid(e37452cea0f00fc478aa8d78e03696fc) Importer(815301076,1909f56bfc062723c751e8b465ee728b)  -> (artifact id: 'f449e990d626d0dfe518c02da5daced4') in 0.020923 seconds 
========================================================================
Received Import Request.
  Time since last request: 0.047798 seconds.
  path: Assets/KvantScenes/Test/Ribbon/Skybox.mat
  artifactKey: Guid(5cbce565a87ea47f0993771c82553a4b) Importer(815301076,1909f56bfc062723c751e8b465ee728b)
Start importing Assets/KvantScenes/Test/Ribbon/Skybox.mat using Guid(5cbce565a87ea47f0993771c82553a4b) Importer(815301076,1909f56bfc062723c751e8b465ee728b)  -> (artifact id: '93653d47a3270fd77c1624eb7f427458') in 3.407932 seconds 
========================================================================
Received Import Request.
  Time since last request: 1.694355 seconds.
  path: Assets/KvantScenes/Test/Warp
  artifactKey: Guid(70f4b6dcaf5090e47b9908a28a30cb98) Importer(815301076,1909f56bfc062723c751e8b465ee728b)
Start importing Assets/KvantScenes/Test/Warp using Guid(70f4b6dcaf5090e47b9908a28a30cb98) Importer(815301076,1909f56bfc062723c751e8b465ee728b)  -> (artifact id: 'ea450ab4d0a534e3d7bc618d254a6c0c') in 0.002629 seconds 
========================================================================
Received Import Request.
  Time since last request: 0.058722 seconds.
  path: Assets/KvantScenes/Test/Warp/Test.mat
  artifactKey: Guid(2c978eeff89c8ae4f9ddb13ea447fb70) Importer(815301076,1909f56bfc062723c751e8b465ee728b)
Start importing Assets/KvantScenes/Test/Warp/Test.mat using Guid(2c978eeff89c8ae4f9ddb13ea447fb70) Importer(815301076,1909f56bfc062723c751e8b465ee728b)  -> (artifact id: '527199cef9203b63d8415145aa30198e') in 0.491197 seconds 
========================================================================
Received Import Request.
  Time since last request: 1.623890 seconds.
  path: Assets/KvantScenes/Test/Stream
  artifactKey: Guid(e7fcde138bdf5fa46968d5e5c26f1dd2) Importer(815301076,1909f56bfc062723c751e8b465ee728b)
Start importing Assets/KvantScenes/Test/Stream using Guid(e7fcde138bdf5fa46968d5e5c26f1dd2) Importer(815301076,1909f56bfc062723c751e8b465ee728b)  -> (artifact id: '103db6948a719091a0ddac30b23cc4f0') in 0.005375 seconds 
========================================================================
Received Import Request.
  Time since last request: 0.061657 seconds.
  path: Assets/KvantScenes/Test/Stream/Skybox.mat
  artifactKey: Guid(6a3aa40db3e44384294573f4c81b83f0) Importer(815301076,1909f56bfc062723c751e8b465ee728b)
Start importing Assets/KvantScenes/Test/Stream/Skybox.mat using Guid(6a3aa40db3e44384294573f4c81b83f0) Importer(815301076,1909f56bfc062723c751e8b465ee728b)  -> (artifact id: 'a9386895b56d6b44599f80d0dbd91c6b') in 0.159510 seconds 
========================================================================
Received Import Request.
  Time since last request: 3.814528 seconds.
  path: Assets/KvantScenes/Test/SprayMV/Test.unity
  artifactKey: Guid(c6d78f8a00c63c04da960b3adc2629e9) Importer(815301076,1909f56bfc062723c751e8b465ee728b)
Start importing Assets/KvantScenes/Test/SprayMV/Test.unity using Guid(c6d78f8a00c63c04da960b3adc2629e9) Importer(815301076,1909f56bfc062723c751e8b465ee728b)  -> (artifact id: '5794831ad51b516262e6717b40990422') in 0.002212 seconds 
========================================================================
Received Prepare
Registering precompiled user dll's ...
Registered in 0.011391 seconds.
Begin MonoManager ReloadAssembly
Symbol file LoadedFromMemory doesn't match image /Users/lilia/Downloads/MTEC-2120-KvantSavant-main 3/Library/PackageCache/com.unity.visualscripting@1.7.8/Editor/VisualScripting.Core/Dependencies/YamlDotNet/Unity.VisualScripting.YamlDotNet.dll
Symbol file LoadedFromMemory doesn't match image /Users/lilia/Downloads/MTEC-2120-KvantSavant-main 3/Library/PackageCache/com.unity.visualscripting@1.7.8/Editor/VisualScripting.Core/Dependencies/DotNetZip/Unity.VisualScripting.IonicZip.dll
Native extension for OSXStandalone target not found
Refreshing native plugins compatible for Editor in 1.90 ms, found 3 plugins.
Preloading 0 native plugins for Editor in 0.00 ms.
Mono: successfully reloaded assembly
- Completed reload, in  2.985 seconds
Domain Reload Profiling:
	ReloadAssembly (2987ms)
		BeginReloadAssembly (549ms)
			ExecutionOrderSort (0ms)
			DisableScriptedObjects (14ms)
			BackupInstance (0ms)
			ReleaseScriptingObjects (0ms)
			CreateAndSetChildDomain (154ms)
		EndReloadAssembly (2139ms)
			LoadAssemblies (500ms)
			RebuildTransferFunctionScriptingTraits (0ms)
			SetupTypeCache (792ms)
			ReleaseScriptCaches (2ms)
			RebuildScriptCaches (125ms)
			SetupLoadedEditorAssemblies (803ms)
				LogAssemblyErrors (0ms)
				InitializePlatformSupportModulesInManaged (21ms)
				SetLoadedEditorAssemblies (1ms)
				RefreshPlugins (2ms)
				BeforeProcessingInitializeOnLoad (112ms)
				ProcessInitializeOnLoadAttributes (560ms)
				ProcessInitializeOnLoadMethodAttributes (99ms)
				AfterProcessingInitializeOnLoad (6ms)
				EditorAssembliesLoaded (1ms)
			ExecutionOrderSort2 (0ms)
			AwakeInstancesAfterBackupRestoration (10ms)
Platform modules already initialized, skipping
Refreshing native plugins compatible for Editor in 4.38 ms, found 3 plugins.
Preloading 0 native plugins for Editor in 0.00 ms.
Unloading 3601 Unused Serialized files (Serialized files now loaded: 0)
Unloading 21 unused Assets / (21.9 KB). Loaded Objects now: 4165.
Memory consumption went from 268.3 MB to 268.3 MB.
Total: 5.131287 ms (FindLiveObjects: 0.398840 ms CreateObjectMapping: 0.344628 ms MarkObjects: 4.350707 ms  DeleteObjects: 0.034802 ms)

AssetImportParameters requested are different than current active one (requested -> active):
  custom:video-decoder-ogg-theora: a1e56fd34408186e4bbccfd4996cb3dc -> 
  custom:container-muxer-webm: aa71ff27fc2769a1b78a27578f13a17b -> 
  custom:container-demuxer-webm: 4f35f7cbe854078d1ac9338744f61a02 -> 
  custom:video-encoder-webm-vp8: eb34c28f22e8b96e1ab97ce403110664 -> 
  custom:framework-osx-AVFoundation: e770b220cccbd017edd2c1fefb359320 -> 
  custom:audio-encoder-webm-vorbis: bf7c407c2cedff20999df2af8eb42d56 -> 
  custom:container-demuxer-ogg: 62fdf1f143b41e24485cea50d1cbac27 -> 
  custom:video-decoder-webm-vp8: 9c59270c3fd7afecdb556c50c9e8de78 -> 
  custom:audio-decoder-ogg-vorbis: bf7c407c2cedff20999df2af8eb42d56 -> 
========================================================================
Received Import Request.
  Time since last request: 69.647561 seconds.
  path: Assets/KvantScenes/Test/Spray/Bubbles.unity
  artifactKey: Guid(d192b2d8d7ec2544689177cf6990f695) Importer(815301076,1909f56bfc062723c751e8b465ee728b)
Start importing Assets/KvantScenes/Test/Spray/Bubbles.unity using Guid(d192b2d8d7ec2544689177cf6990f695) Importer(815301076,1909f56bfc062723c751e8b465ee728b)  -> (artifact id: 'dca9bb17998327b645706890dc79f0cb') in 0.017394 seconds 
========================================================================
Received Import Request.
  Time since last request: 3.105115 seconds.
  path: Assets/KvantScenes/Test/Spray/Campfire.unity
  artifactKey: Guid(c91fd26e4d797414a8c93eb492660c59) Importer(815301076,1909f56bfc062723c751e8b465ee728b)
Start importing Assets/KvantScenes/Test/Spray/Campfire.unity using Guid(c91fd26e4d797414a8c93eb492660c59) Importer(815301076,1909f56bfc062723c751e8b465ee728b)  -> (artifact id: '5cade77fef07f7a9b5407f1cb7d0ad01') in 0.002827 seconds 
========================================================================
Received Import Request.
  Time since last request: 2.351225 seconds.
  path: Assets/KvantScenes/Test/Spray/Coins.unity
  artifactKey: Guid(160e7aefd8672449aaba16c972a91124) Importer(815301076,1909f56bfc062723c751e8b465ee728b)
Start importing Assets/KvantScenes/Test/Spray/Coins.unity using Guid(160e7aefd8672449aaba16c972a91124) Importer(815301076,1909f56bfc062723c751e8b465ee728b)  -> (artifact id: 'ea80752a22637d73221a538179aed50b') in 0.005052 seconds 
========================================================================
Received Import Request.
  Time since last request: 4.342688 seconds.
  path: Assets/KvantScenes/Test/Spray/Flame.unity
  artifactKey: Guid(ada4fdd56b03c1b48a79bc0fbf9b359d) Importer(815301076,1909f56bfc062723c751e8b465ee728b)
Start importing Assets/KvantScenes/Test/Spray/Flame.unity using Guid(ada4fdd56b03c1b48a79bc0fbf9b359d) Importer(815301076,1909f56bfc062723c751e8b465ee728b)  -> (artifact id: '7a9657a976ef672f06e10de5edec0c21') in 0.004115 seconds 
========================================================================
Received Import Request.
  Time since last request: 2.141334 seconds.
  path: Assets/KvantScenes/Test/Spray/Swirl.unity
  artifactKey: Guid(13c942c357a3d684382ea7d01bc5f060) Importer(815301076,1909f56bfc062723c751e8b465ee728b)
Start importing Assets/KvantScenes/Test/Spray/Swirl.unity using Guid(13c942c357a3d684382ea7d01bc5f060) Importer(815301076,1909f56bfc062723c751e8b465ee728b)  -> (artifact id: 'd24a961da79a2761ffc5fe4d2a0c79cb') in 0.002926 seconds 
========================================================================
Received Import Request.
  Time since last request: 5.086066 seconds.
  path: Assets/KvantScenes/Test/Spray/Rocks.unity
  artifactKey: Guid(ec0315dc8e7c2d84e9663deb89e2f069) Importer(815301076,1909f56bfc062723c751e8b465ee728b)
Start importing Assets/KvantScenes/Test/Spray/Rocks.unity using Guid(ec0315dc8e7c2d84e9663deb89e2f069) Importer(815301076,1909f56bfc062723c751e8b465ee728b)  -> (artifact id: '433db268bf52229804230370b8a26b9b') in 0.003574 seconds 
========================================================================
Received Import Request.
  Time since last request: 2.014286 seconds.
  path: Assets/KvantScenes/Test/Spray/Rings.unity
  artifactKey: Guid(fcd6167d01cbf463289b2e704599518b) Importer(815301076,1909f56bfc062723c751e8b465ee728b)
Start importing Assets/KvantScenes/Test/Spray/Rings.unity using Guid(fcd6167d01cbf463289b2e704599518b) Importer(815301076,1909f56bfc062723c751e8b465ee728b)  -> (artifact id: '96bdfccbda469df8f941748585cd8a99') in 0.003992 seconds 
========================================================================
Received Import Request.
  Time since last request: 2.049217 seconds.
  path: Assets/KvantScenes/Test/Spray/Fountain.unity
  artifactKey: Guid(791c6a0d34e996c498129754418cff67) Importer(815301076,1909f56bfc062723c751e8b465ee728b)
Start importing Assets/KvantScenes/Test/Spray/Fountain.unity using Guid(791c6a0d34e996c498129754418cff67) Importer(815301076,1909f56bfc062723c751e8b465ee728b)  -> (artifact id: '74a50b9fd92633e5b9fcce3d48e459e0') in 0.003573 seconds 
========================================================================
Received Import Request.
  Time since last request: 10.461050 seconds.
  path: Assets/KvantScenes/Test/Spray/Floating.unity
  artifactKey: Guid(e29a6a43c488b174e91e5daaa4fbfc2b) Importer(815301076,1909f56bfc062723c751e8b465ee728b)
Start importing Assets/KvantScenes/Test/Spray/Floating.unity using Guid(e29a6a43c488b174e91e5daaa4fbfc2b) Importer(815301076,1909f56bfc062723c751e8b465ee728b)  -> (artifact id: 'd2ae26d7e25b6ecd9e69bec27399307f') in 0.003439 seconds 
========================================================================
Received Prepare
Registering precompiled user dll's ...
Registered in 0.011537 seconds.
Begin MonoManager ReloadAssembly
Symbol file LoadedFromMemory doesn't match image /Users/lilia/Downloads/MTEC-2120-KvantSavant-main 3/Library/PackageCache/com.unity.visualscripting@1.7.8/Editor/VisualScripting.Core/Dependencies/YamlDotNet/Unity.VisualScripting.YamlDotNet.dll
Symbol file LoadedFromMemory doesn't match image /Users/lilia/Downloads/MTEC-2120-KvantSavant-main 3/Library/PackageCache/com.unity.visualscripting@1.7.8/Editor/VisualScripting.Core/Dependencies/DotNetZip/Unity.VisualScripting.IonicZip.dll
Native extension for OSXStandalone target not found
Refreshing native plugins compatible for Editor in 1.06 ms, found 3 plugins.
Preloading 0 native plugins for Editor in 0.00 ms.
Mono: successfully reloaded assembly
- Completed reload, in  2.730 seconds
Domain Reload Profiling:
	ReloadAssembly (2731ms)
		BeginReloadAssembly (399ms)
			ExecutionOrderSort (0ms)
			DisableScriptedObjects (18ms)
			BackupInstance (0ms)
			ReleaseScriptingObjects (0ms)
			CreateAndSetChildDomain (147ms)
		EndReloadAssembly (2068ms)
			LoadAssemblies (294ms)
			RebuildTransferFunctionScriptingTraits (0ms)
			SetupTypeCache (771ms)
			ReleaseScriptCaches (3ms)
			RebuildScriptCaches (131ms)
			SetupLoadedEditorAssemblies (811ms)
				LogAssemblyErrors (0ms)
				InitializePlatformSupportModulesInManaged (29ms)
				SetLoadedEditorAssemblies (1ms)
				RefreshPlugins (1ms)
				BeforeProcessingInitializeOnLoad (122ms)
				ProcessInitializeOnLoadAttributes (579ms)
				ProcessInitializeOnLoadMethodAttributes (73ms)
				AfterProcessingInitializeOnLoad (5ms)
				EditorAssembliesLoaded (0ms)
			ExecutionOrderSort2 (0ms)
			AwakeInstancesAfterBackupRestoration (11ms)
Platform modules already initialized, skipping
Refreshing native plugins compatible for Editor in 5.88 ms, found 3 plugins.
Preloading 0 native plugins for Editor in 0.00 ms.
Unloading 3601 Unused Serialized files (Serialized files now loaded: 0)
Unloading 21 unused Assets / (21.9 KB). Loaded Objects now: 4168.
Memory consumption went from 267.8 MB to 267.8 MB.
Total: 6.397045 ms (FindLiveObjects: 0.414309 ms CreateObjectMapping: 0.341915 ms MarkObjects: 5.568180 ms  DeleteObjects: 0.069519 ms)

AssetImportParameters requested are different than current active one (requested -> active):
  custom:video-decoder-ogg-theora: a1e56fd34408186e4bbccfd4996cb3dc -> 
  custom:container-muxer-webm: aa71ff27fc2769a1b78a27578f13a17b -> 
  custom:container-demuxer-webm: 4f35f7cbe854078d1ac9338744f61a02 -> 
  custom:video-encoder-webm-vp8: eb34c28f22e8b96e1ab97ce403110664 -> 
  custom:framework-osx-AVFoundation: e770b220cccbd017edd2c1fefb359320 -> 
  custom:audio-encoder-webm-vorbis: bf7c407c2cedff20999df2af8eb42d56 -> 
  custom:container-demuxer-ogg: 62fdf1f143b41e24485cea50d1cbac27 -> 
  custom:video-decoder-webm-vp8: 9c59270c3fd7afecdb556c50c9e8de78 -> 
  custom:audio-decoder-ogg-vorbis: bf7c407c2cedff20999df2af8eb42d56 -> 
