Unity Editor version:    2021.3.9f1 (ad3870b89536)
Branch:                  2021.3/staging
Build type:              Release
Batch mode:              YES
macOS version:           Version 11.6.5 (Build 20G527)
Darwin version:          20.6.0
Architecture:            x86_64
Running under Rosetta:   NO
Available memory:        16384 MB
Using pre-set license
Pro License: YES

COMMAND LINE ARGUMENTS:
/Applications/Unity/Hub/Editor/2021.3.9f1/Unity.app/Contents/MacOS/Unity
-adb2
-batchMode
-noUpm
-name
AssetImportWorker1
-projectPath
/Users/lilia/Downloads/MTEC-2120-KvantSavant-main 3
-logFile
Logs/AssetImportWorker1.log
-srvPort
55898
Successfully changed project path to: /Users/lilia/Downloads/MTEC-2120-KvantSavant-main 3
/Users/lilia/Downloads/MTEC-2120-KvantSavant-main 3
[UnityMemory] Configuration Parameters - Can be set up in boot.config
    "memorysetup-bucket-allocator-granularity=16"
    "memorysetup-bucket-allocator-bucket-count=8"
    "memorysetup-bucket-allocator-block-size=33554432"
    "memorysetup-bucket-allocator-block-count=8"
    "memorysetup-main-allocator-block-size=16777216"
    "memorysetup-thread-allocator-block-size=16777216"
    "memorysetup-gfx-main-allocator-block-size=16777216"
    "memorysetup-gfx-thread-allocator-block-size=16777216"
    "memorysetup-cache-allocator-block-size=4194304"
    "memorysetup-typetree-allocator-block-size=2097152"
    "memorysetup-profiler-bucket-allocator-granularity=16"
    "memorysetup-profiler-bucket-allocator-bucket-count=8"
    "memorysetup-profiler-bucket-allocator-block-size=33554432"
    "memorysetup-profiler-bucket-allocator-block-count=8"
    "memorysetup-profiler-allocator-block-size=16777216"
    "memorysetup-profiler-editor-allocator-block-size=1048576"
    "memorysetup-temp-allocator-size-main=16777216"
    "memorysetup-job-temp-allocator-block-size=2097152"
    "memorysetup-job-temp-allocator-block-size-background=1048576"
    "memorysetup-job-temp-allocator-reduction-small-platforms=262144"
    "memorysetup-temp-allocator-size-background-worker=32768"
    "memorysetup-temp-allocator-size-job-worker=262144"
    "memorysetup-temp-allocator-size-preload-manager=33554432"
    "memorysetup-temp-allocator-size-nav-mesh-worker=65536"
    "memorysetup-temp-allocator-size-audio-worker=65536"
    "memorysetup-temp-allocator-size-cloud-worker=32768"
    "memorysetup-temp-allocator-size-gi-baking-worker=262144"
    "memorysetup-temp-allocator-size-gfx=262144"
Refreshing native plugins compatible for Editor in 115.64 ms, found 3 plugins.
Preloading 0 native plugins for Editor in 0.00 ms.
Initialize engine version: 2021.3.9f1 (ad3870b89536)
[Subsystems] Discovering subsystems at path /Applications/Unity/Hub/Editor/2021.3.9f1/Unity.app/Contents/Resources/UnitySubsystems
[Subsystems] Discovering subsystems at path /Users/lilia/Downloads/MTEC-2120-KvantSavant-main 3/Assets
GfxDevice: creating device client; threaded=0; jobified=0
Color LCD preferred device: Intel(R) Iris(TM) Plus Graphics (low power)
Metal devices available: 1
0: Intel(R) Iris(TM) Plus Graphics (low power)
Using device Intel(R) Iris(TM) Plus Graphics (low power)
Initializing Metal device caps: Intel(R) Iris(TM) Plus Graphics
Initialize mono
Mono path[0] = '/Applications/Unity/Hub/Editor/2021.3.9f1/Unity.app/Contents/Managed'
Mono path[1] = '/Applications/Unity/Hub/Editor/2021.3.9f1/Unity.app/Contents/MonoBleedingEdge/lib/mono/unityjit-macos'
Mono config path = '/Applications/Unity/Hub/Editor/2021.3.9f1/Unity.app/Contents/MonoBleedingEdge/etc'
Using monoOptions --debugger-agent=transport=dt_socket,embedding=1,server=y,suspend=n,address=127.0.0.1:56490
Begin MonoManager ReloadAssembly
Registering precompiled unity dll's ...
Register platform support module: /Applications/Unity/Hub/Editor/2021.3.9f1/Unity.app/Contents/PlaybackEngines/MacStandaloneSupport/UnityEditor.OSXStandalone.Extensions.dll
Registered in 0.004452 seconds.
Native extension for OSXStandalone target not found
Refreshing native plugins compatible for Editor in 79.18 ms, found 3 plugins.
Preloading 0 native plugins for Editor in 0.00 ms.
Mono: successfully reloaded assembly
- Completed reload, in  0.993 seconds
Domain Reload Profiling:
	ReloadAssembly (993ms)
		BeginReloadAssembly (250ms)
			ExecutionOrderSort (0ms)
			DisableScriptedObjects (0ms)
			BackupInstance (0ms)
			ReleaseScriptingObjects (0ms)
			CreateAndSetChildDomain (1ms)
		EndReloadAssembly (598ms)
			LoadAssemblies (253ms)
			RebuildTransferFunctionScriptingTraits (0ms)
			SetupTypeCache (158ms)
			ReleaseScriptCaches (0ms)
			RebuildScriptCaches (36ms)
			SetupLoadedEditorAssemblies (342ms)
				LogAssemblyErrors (0ms)
				InitializePlatformSupportModulesInManaged (7ms)
				SetLoadedEditorAssemblies (1ms)
				RefreshPlugins (79ms)
				BeforeProcessingInitializeOnLoad (1ms)
				ProcessInitializeOnLoadAttributes (197ms)
				ProcessInitializeOnLoadMethodAttributes (57ms)
				AfterProcessingInitializeOnLoad (0ms)
				EditorAssembliesLoaded (0ms)
			ExecutionOrderSort2 (0ms)
			AwakeInstancesAfterBackupRestoration (0ms)
Platform modules already initialized, skipping
Registering precompiled user dll's ...
Registered in 0.008851 seconds.
Begin MonoManager ReloadAssembly
Symbol file LoadedFromMemory doesn't match image /Users/lilia/Downloads/MTEC-2120-KvantSavant-main 3/Library/PackageCache/com.unity.visualscripting@1.7.8/Editor/VisualScripting.Core/Dependencies/YamlDotNet/Unity.VisualScripting.YamlDotNet.dll
Symbol file LoadedFromMemory doesn't match image /Users/lilia/Downloads/MTEC-2120-KvantSavant-main 3/Library/PackageCache/com.unity.visualscripting@1.7.8/Editor/VisualScripting.Core/Dependencies/DotNetZip/Unity.VisualScripting.IonicZip.dll
Native extension for OSXStandalone target not found
Refreshing native plugins compatible for Editor in 0.53 ms, found 3 plugins.
Preloading 0 native plugins for Editor in 0.00 ms.
Mono: successfully reloaded assembly
- Completed reload, in  1.563 seconds
Domain Reload Profiling:
	ReloadAssembly (1564ms)
		BeginReloadAssembly (178ms)
			ExecutionOrderSort (0ms)
			DisableScriptedObjects (11ms)
			BackupInstance (0ms)
			ReleaseScriptingObjects (0ms)
			CreateAndSetChildDomain (45ms)
		EndReloadAssembly (1201ms)
			LoadAssemblies (192ms)
			RebuildTransferFunctionScriptingTraits (0ms)
			SetupTypeCache (426ms)
			ReleaseScriptCaches (1ms)
			RebuildScriptCaches (79ms)
			SetupLoadedEditorAssemblies (474ms)
				LogAssemblyErrors (0ms)
				InitializePlatformSupportModulesInManaged (6ms)
				SetLoadedEditorAssemblies (1ms)
				RefreshPlugins (1ms)
				BeforeProcessingInitializeOnLoad (87ms)
				ProcessInitializeOnLoadAttributes (339ms)
				ProcessInitializeOnLoadMethodAttributes (39ms)
				AfterProcessingInitializeOnLoad (2ms)
				EditorAssembliesLoaded (0ms)
			ExecutionOrderSort2 (0ms)
			AwakeInstancesAfterBackupRestoration (6ms)
Platform modules already initialized, skipping
========================================================================
Worker process is ready to serve import requests
Launching external process: /Applications/Unity/Hub/Editor/2021.3.9f1/Unity.app/Contents/Tools/UnityShaderCompiler
Launched and connected shader compiler UnityShaderCompiler after 0.02 seconds
Refreshing native plugins compatible for Editor in 0.70 ms, found 3 plugins.
Preloading 0 native plugins for Editor in 0.00 ms.
Unloading 3665 Unused Serialized files (Serialized files now loaded: 0)
Unloading 28 unused Assets / (104.3 KB). Loaded Objects now: 4121.
Memory consumption went from 259.8 MB to 259.7 MB.
Total: 3.251754 ms (FindLiveObjects: 0.352758 ms CreateObjectMapping: 0.168711 ms MarkObjects: 2.624163 ms  DeleteObjects: 0.104377 ms)

AssetImportParameters requested are different than current active one (requested -> active):
  custom:video-decoder-ogg-theora: a1e56fd34408186e4bbccfd4996cb3dc -> 
  custom:container-muxer-webm: aa71ff27fc2769a1b78a27578f13a17b -> 
  custom:container-demuxer-webm: 4f35f7cbe854078d1ac9338744f61a02 -> 
  custom:video-encoder-webm-vp8: eb34c28f22e8b96e1ab97ce403110664 -> 
  custom:framework-osx-AVFoundation: e770b220cccbd017edd2c1fefb359320 -> 
  custom:audio-encoder-webm-vorbis: bf7c407c2cedff20999df2af8eb42d56 -> 
  custom:container-demuxer-ogg: 62fdf1f143b41e24485cea50d1cbac27 -> 
  custom:video-decoder-webm-vp8: 9c59270c3fd7afecdb556c50c9e8de78 -> 
  custom:audio-decoder-ogg-vorbis: bf7c407c2cedff20999df2af8eb42d56 -> 
========================================================================
Received Import Request.
  Time since last request: 12003.112635 seconds.
  path: Assets/Kvant
  artifactKey: Guid(fc9282ce3e76bf847b99282e32467a74) Importer(815301076,1909f56bfc062723c751e8b465ee728b)
Start importing Assets/Kvant using Guid(fc9282ce3e76bf847b99282e32467a74) Importer(815301076,1909f56bfc062723c751e8b465ee728b)  -> (artifact id: 'c822c8c9123a2990bf622c2487f70fe1') in 0.009618 seconds 
========================================================================
Received Import Request.
  Time since last request: 664.212350 seconds.
  path: Assets/KvantScenes/Test/Spray/Chelsea_Stairs_Env.hdr
  artifactKey: Guid(898e176f0875c40a3b0e46c2f5772ab4) Importer(815301076,1909f56bfc062723c751e8b465ee728b)
Start importing Assets/KvantScenes/Test/Spray/Chelsea_Stairs_Env.hdr using Guid(898e176f0875c40a3b0e46c2f5772ab4) Importer(815301076,1909f56bfc062723c751e8b465ee728b)  -> (artifact id: '6db80b9e224212ba5404fbc5b54dd091') in 3.859242 seconds 
========================================================================
Received Import Request.
  Time since last request: 0.006747 seconds.
  path: Assets/KvantScenes/Test/Spray/Leaf.mat
  artifactKey: Guid(2d76ec8d28dba4137b0c407e0127dcc9) Importer(815301076,1909f56bfc062723c751e8b465ee728b)
Start importing Assets/KvantScenes/Test/Spray/Leaf.mat using Guid(2d76ec8d28dba4137b0c407e0127dcc9) Importer(815301076,1909f56bfc062723c751e8b465ee728b)  -> (artifact id: 'ec5d6638049ae4cfb2205662ab662566') in 3.466615 seconds 
========================================================================
Received Import Request.
  Time since last request: 0.000073 seconds.
  path: Assets/KvantScenes/Test/Line/Spray.mat
  artifactKey: Guid(c39cd5ece78214241b91809c376ea738) Importer(815301076,1909f56bfc062723c751e8b465ee728b)
Start importing Assets/KvantScenes/Test/Line/Spray.mat using Guid(c39cd5ece78214241b91809c376ea738) Importer(815301076,1909f56bfc062723c751e8b465ee728b)  -> (artifact id: 'b21d84e3892f64d77e6a327417115c8c') in 0.334527 seconds 
========================================================================
Received Import Request.
  Time since last request: 0.000189 seconds.
  path: Assets/KvantScenes/Test/Line/Concrete5 Normal.tga
  artifactKey: Guid(44c25a8529a38416c8061b62afe1d22a) Importer(815301076,1909f56bfc062723c751e8b465ee728b)
Start importing Assets/KvantScenes/Test/Line/Concrete5 Normal.tga using Guid(44c25a8529a38416c8061b62afe1d22a) Importer(815301076,1909f56bfc062723c751e8b465ee728b)  -> (artifact id: '29fefa73b0e1e8414444c9773e465ae1') in 2.150205 seconds 
========================================================================
Received Import Request.
  Time since last request: 0.000155 seconds.
  path: Assets/KvantScenes/Test/Spray/Flame 1.mat
  artifactKey: Guid(b516e39e18a644c2a884db62ba4f7ee3) Importer(815301076,1909f56bfc062723c751e8b465ee728b)
Start importing Assets/KvantScenes/Test/Spray/Flame 1.mat using Guid(b516e39e18a644c2a884db62ba4f7ee3) Importer(815301076,1909f56bfc062723c751e8b465ee728b)  -> (artifact id: '7df7474fa894ceafa3e6eaa092580b8d') in 0.017589 seconds 
========================================================================
Received Import Request.
  Time since last request: 0.000128 seconds.
  path: Assets/KvantScenes/Test/Spray/Petal.mat
  artifactKey: Guid(6f4d432208a7a46cdbf2fd21fab93e74) Importer(815301076,1909f56bfc062723c751e8b465ee728b)
Start importing Assets/KvantScenes/Test/Spray/Petal.mat using Guid(6f4d432208a7a46cdbf2fd21fab93e74) Importer(815301076,1909f56bfc062723c751e8b465ee728b)  -> (artifact id: 'f39fe8cfe56754fcb40dea491e880922') in 0.014655 seconds 
========================================================================
Received Import Request.
  Time since last request: 0.000102 seconds.
  path: Assets/KvantScenes/Test/Line/Boxes.mat
  artifactKey: Guid(a2ac01d4112035a44bf7e0a70838ee42) Importer(815301076,1909f56bfc062723c751e8b465ee728b)
Start importing Assets/KvantScenes/Test/Line/Boxes.mat using Guid(a2ac01d4112035a44bf7e0a70838ee42) Importer(815301076,1909f56bfc062723c751e8b465ee728b)  -> (artifact id: 'd603e085165ebf498b4b8e5438006b75') in 0.471394 seconds 
========================================================================
Received Import Request.
  Time since last request: 0.000096 seconds.
  path: Assets/KvantScenes/Test/Spray/Coin.mat
  artifactKey: Guid(4258860bc49eb49c69d2ace3b87d5572) Importer(815301076,1909f56bfc062723c751e8b465ee728b)
Start importing Assets/KvantScenes/Test/Spray/Coin.mat using Guid(4258860bc49eb49c69d2ace3b87d5572) Importer(815301076,1909f56bfc062723c751e8b465ee728b)  -> (artifact id: 'd0cb89f5d60c877b2b96769f6c95c797') in 0.011034 seconds 
========================================================================
Received Import Request.
  Time since last request: 0.000122 seconds.
  path: Assets/KvantScenes/Test/Line/Concrete5 Color.tga
  artifactKey: Guid(29018935877c8471eb08eeade5f648f9) Importer(815301076,1909f56bfc062723c751e8b465ee728b)
Start importing Assets/KvantScenes/Test/Line/Concrete5 Color.tga using Guid(29018935877c8471eb08eeade5f648f9) Importer(815301076,1909f56bfc062723c751e8b465ee728b)  -> (artifact id: '7e0cc50ae35e835c9ceb12af95c3fadd') in 0.026350 seconds 
========================================================================
Received Import Request.
  Time since last request: 0.000080 seconds.
  path: Assets/KvantScenes/Test/Line/Torus4.obj
  artifactKey: Guid(49de5265b9bde5d44ba9dd4efe6ecd60) Importer(815301076,1909f56bfc062723c751e8b465ee728b)
Start importing Assets/KvantScenes/Test/Line/Torus4.obj using Guid(49de5265b9bde5d44ba9dd4efe6ecd60) Importer(815301076,1909f56bfc062723c751e8b465ee728b)  -> (artifact id: 'ac3987997482045c10ab0f91a870dba6') in 1.401722 seconds 
Editor requested this worker to shutdown with reason: Scaling down because of idle timeout
AssetImportWorker is now disconnected from the server
Process exiting
